Build started 29/12/2015 11:36:05 AM.
     1>Project "K:\lab\ProjectEuler\ProjectEuler\ProjectEuler.vcxproj" on node 2 (build target(s)).
     1>InitializeBuildStatus:
         Touching "Debug\ProjectEuler.unsuccessfulbuild".
       ClCompile:
         C:\Program Files (x86)\Microsoft Visual Studio 10.0\VC\bin\CL.exe /c /ZI /nologo /W3 /WX- /Od /Oy- /D WIN32 /D _DEBUG /D _CONSOLE /D _UNICODE /D UNICODE /Gm /EHsc /RTC1 /MDd /GS /fp:precise /Zc:wchar_t /Zc:forScope /Fo"Debug\\" /Fd"Debug\vc100.pdb" /Gd /TP /analyze- /errorReport:prompt ProjectEuler.cpp Solution.cpp
         Solution.cpp
     1>k:\lab\projecteuler\projecteuler\question.h(29): warning C4018: '<' : signed/unsigned mismatch
     1>k:\lab\projecteuler\projecteuler\solution.cpp(33): warning C4101: 'solution' : unreferenced local variable
     1>k:\lab\projecteuler\projecteuler\solution.cpp(55): warning C4018: '<=' : signed/unsigned mismatch
         Generating Code...
         Skipping... (no relevant changes detected)
         ProjectEuler.cpp
       ManifestResourceCompile:
         All outputs are up-to-date.
       Link:
         C:\Program Files (x86)\Microsoft Visual Studio 10.0\VC\bin\link.exe /ERRORREPORT:PROMPT /OUT:"K:\lab\ProjectEuler\ProjectEuler\Debug\ProjectEuler.exe" /INCREMENTAL /NOLOGO kernel32.lib user32.lib gdi32.lib winspool.lib comdlg32.lib advapi32.lib shell32.lib ole32.lib oleaut32.lib uuid.lib odbc32.lib odbccp32.lib /MANIFEST /ManifestFile:"Debug\ProjectEuler.exe.intermediate.manifest" /MANIFESTUAC:"level='asInvoker' uiAccess='false'" /DEBUG /PDB:"K:\lab\ProjectEuler\ProjectEuler\Debug\ProjectEuler.pdb" /SUBSYSTEM:CONSOLE /TLBID:1 /DYNAMICBASE /NXCOMPAT /IMPLIB:"K:\lab\ProjectEuler\ProjectEuler\Debug\ProjectEuler.lib" /MACHINE:X86 Debug\ProjectEuler.exe.embed.manifest.res
         Debug\ProjectEuler.obj
         Debug\Solution.obj
       Manifest:
         C:\Program Files (x86)\Microsoft SDKs\Windows\v7.0A\bin\mt.exe /nologo /verbose /out:"Debug\ProjectEuler.exe.embed.manifest" /manifest Debug\ProjectEuler.exe.intermediate.manifest
         All outputs are up-to-date.
       LinkEmbedManifest:
         All outputs are up-to-date.
         ProjectEuler.vcxproj -> K:\lab\ProjectEuler\ProjectEuler\Debug\ProjectEuler.exe
       FinalizeBuildStatus:
         Deleting file "Debug\ProjectEuler.unsuccessfulbuild".
         Touching "Debug\ProjectEuler.lastbuildstate".
     1>Done Building Project "K:\lab\ProjectEuler\ProjectEuler\ProjectEuler.vcxproj" (build target(s)).

Build succeeded.

Time Elapsed 00:00:01.32
